2019/11/06 03:10:31 [error] 7#7: *6 "/etc/nginx/html/index.html" is not found (2: No such file or directory), client: 172.19.0.1, server: , request: "GET / HTTP/1.1", host: "10.177.195.82:8080"
2019/11/06 04:00:51 [emerg] 1#1: host not found in upstream "express_server:3000" in /etc/nginx/conf.d/default.conf:13
2019/11/06 04:00:54 [emerg] 1#1: host not found in upstream "express_server:3000" in /etc/nginx/conf.d/default.conf:13
2019/11/06 04:00:57 [emerg] 1#1: host not found in upstream "express_server:3000" in /etc/nginx/conf.d/default.conf:13
2019/11/06 04:01:00 [emerg] 1#1: host not found in upstream "express_server:3000" in /etc/nginx/conf.d/default.conf:13
2019/11/06 04:01:03 [emerg] 1#1: host not found in upstream "express_server:3000" in /etc/nginx/conf.d/default.conf:13
2019/11/06 04:01:06 [emerg] 1#1: host not found in upstream "express_server:3000" in /etc/nginx/conf.d/default.conf:13
2019/11/06 04:01:10 [emerg] 1#1: host not found in upstream "express_server:3000" in /etc/nginx/conf.d/default.conf:13
2019/11/06 04:01:17 [emerg] 1#1: host not found in upstream "express_server:3000" in /etc/nginx/conf.d/default.conf:13
2019/11/06 04:01:31 [emerg] 1#1: host not found in upstream "express_server:3000" in /etc/nginx/conf.d/default.conf:13
2019/11/06 04:01:57 [emerg] 1#1: host not found in upstream "express_server:3000" in /etc/nginx/conf.d/default.conf:13
2019/11/06 04:02:49 [emerg] 1#1: host not found in upstream "express_server:3000" in /etc/nginx/conf.d/default.conf:13
2019/11/06 04:03:50 [emerg] 1#1: host not found in upstream "express_server:3000" in /etc/nginx/conf.d/default.conf:13
2019/11/06 04:04:51 [emerg] 1#1: host not found in upstream "express_server:3000" in /etc/nginx/conf.d/default.conf:13
2019/11/06 04:05:52 [emerg] 1#1: host not found in upstream "express_server:3000" in /etc/nginx/conf.d/default.conf:13
2019/11/06 04:06:52 [emerg] 1#1: host not found in upstream "express_server:3000" in /etc/nginx/conf.d/default.conf:13
2019/11/06 04:07:53 [emerg] 1#1: host not found in upstream "express_server:3000" in /etc/nginx/conf.d/default.conf:13
2019/11/06 04:08:54 [emerg] 1#1: host not found in upstream "express_server:3000" in /etc/nginx/conf.d/default.conf:13
2019/11/06 04:09:55 [emerg] 1#1: host not found in upstream "express_server:3000" in /etc/nginx/conf.d/default.conf:13
2019/11/06 04:10:55 [emerg] 1#1: host not found in upstream "express_server:3000" in /etc/nginx/conf.d/default.conf:13
2019/11/06 04:11:56 [emerg] 1#1: host not found in upstream "express_server:3000" in /etc/nginx/conf.d/default.conf:13
2019/11/06 04:12:57 [emerg] 1#1: host not found in upstream "express_server:3000" in /etc/nginx/conf.d/default.conf:13
2019/11/06 04:13:57 [emerg] 1#1: host not found in upstream "express_server:3000" in /etc/nginx/conf.d/default.conf:13
2019/11/06 04:14:58 [emerg] 1#1: host not found in upstream "express_server:3000" in /etc/nginx/conf.d/default.conf:13
2019/11/06 04:16:08 [emerg] 1#1: host not found in upstream "express_server:3000" in /etc/nginx/conf.d/default.conf:13
2019/11/06 04:17:09 [emerg] 1#1: host not found in upstream "express_server:3000" in /etc/nginx/conf.d/default.conf:13
2019/11/06 04:18:09 [emerg] 1#1: host not found in upstream "express_server:3000" in /etc/nginx/conf.d/default.conf:13
2019/11/06 04:19:10 [emerg] 1#1: host not found in upstream "express_server:3000" in /etc/nginx/conf.d/default.conf:13
2019/11/06 04:20:11 [emerg] 1#1: host not found in upstream "express_server:3000" in /etc/nginx/conf.d/default.conf:13
2019/11/06 04:21:13 [emerg] 1#1: host not found in upstream "express_server:3000" in /etc/nginx/conf.d/default.conf:13
2019/11/06 04:22:14 [emerg] 1#1: host not found in upstream "express_server:3000" in /etc/nginx/conf.d/default.conf:13
2019/11/06 04:23:14 [emerg] 1#1: host not found in upstream "express_server:3000" in /etc/nginx/conf.d/default.conf:13
2019/11/06 04:24:15 [emerg] 1#1: host not found in upstream "express_server:3000" in /etc/nginx/conf.d/default.conf:13
2019/11/06 04:25:16 [emerg] 1#1: host not found in upstream "express_server:3000" in /etc/nginx/conf.d/default.conf:13
2019/11/06 04:26:17 [emerg] 1#1: host not found in upstream "express_server:3000" in /etc/nginx/conf.d/default.conf:13
2019/11/06 04:27:18 [emerg] 1#1: host not found in upstream "express_server:3000" in /etc/nginx/conf.d/default.conf:13
2019/11/06 04:28:19 [emerg] 1#1: host not found in upstream "express_server:3000" in /etc/nginx/conf.d/default.conf:13
2019/11/06 04:29:19 [emerg] 1#1: host not found in upstream "express_server:3000" in /etc/nginx/conf.d/default.conf:13
2019/11/06 04:30:21 [emerg] 1#1: host not found in upstream "express_server:3000" in /etc/nginx/conf.d/default.conf:13
2019/11/06 08:09:16 [emerg] 1#1: host not found in upstream "express_server:3000" in /etc/nginx/conf.d/default.conf:13
2019/11/06 08:09:19 [emerg] 1#1: host not found in upstream "express_server:3000" in /etc/nginx/conf.d/default.conf:13
2019/11/06 08:09:22 [emerg] 1#1: host not found in upstream "express_server:3000" in /etc/nginx/conf.d/default.conf:13
2019/11/06 08:09:25 [emerg] 1#1: host not found in upstream "express_server:3000" in /etc/nginx/conf.d/default.conf:13
2019/11/06 08:09:29 [emerg] 1#1: host not found in upstream "express_server:3000" in /etc/nginx/conf.d/default.conf:13
2019/11/06 08:09:31 [emerg] 1#1: host not found in upstream "express_server:3000" in /etc/nginx/conf.d/default.conf:13
2019/11/06 08:09:35 [emerg] 1#1: host not found in upstream "express_server:3000" in /etc/nginx/conf.d/default.conf:13
2019/11/06 08:09:43 [emerg] 1#1: host not found in upstream "express_server:3000" in /etc/nginx/conf.d/default.conf:13
2019/11/06 08:09:56 [emerg] 1#1: host not found in upstream "express_server:3000" in /etc/nginx/conf.d/default.conf:13
2019/11/06 08:10:23 [emerg] 1#1: host not found in upstream "express_server:3000" in /etc/nginx/conf.d/default.conf:13
2019/11/06 08:11:15 [emerg] 1#1: host not found in upstream "express_server:3000" in /etc/nginx/conf.d/default.conf:13
2019/11/06 08:12:15 [emerg] 1#1: host not found in upstream "express_server:3000" in /etc/nginx/conf.d/default.conf:13
2019/11/06 08:13:16 [emerg] 1#1: host not found in upstream "express_server:3000" in /etc/nginx/conf.d/default.conf:13
2019/11/06 08:14:17 [emerg] 1#1: host not found in upstream "express_server:3000" in /etc/nginx/conf.d/default.conf:13
2019/11/06 08:15:18 [emerg] 1#1: host not found in upstream "express_server:3000" in /etc/nginx/conf.d/default.conf:13
2019/11/06 08:16:18 [emerg] 1#1: host not found in upstream "express_server:3000" in /etc/nginx/conf.d/default.conf:13
2019/11/06 08:17:19 [emerg] 1#1: host not found in upstream "express_server:3000" in /etc/nginx/conf.d/default.conf:13
2019/11/06 08:18:20 [emerg] 1#1: host not found in upstream "express_server:3000" in /etc/nginx/conf.d/default.conf:13
2019/11/06 08:19:21 [emerg] 1#1: host not found in upstream "express_server:3000" in /etc/nginx/conf.d/default.conf:13
2019/11/06 08:20:21 [emerg] 1#1: host not found in upstream "express_server:3000" in /etc/nginx/conf.d/default.conf:13
2019/11/06 08:21:22 [emerg] 1#1: host not found in upstream "express_server:3000" in /etc/nginx/conf.d/default.conf:13
2019/11/06 08:22:23 [emerg] 1#1: host not found in upstream "express_server:3000" in /etc/nginx/conf.d/default.conf:13
2019/11/06 08:23:23 [emerg] 1#1: host not found in upstream "express_server:3000" in /etc/nginx/conf.d/default.conf:13
2019/11/06 08:24:24 [emerg] 1#1: host not found in upstream "express_server:3000" in /etc/nginx/conf.d/default.conf:13
2019/11/06 08:25:25 [emerg] 1#1: host not found in upstream "express_server:3000" in /etc/nginx/conf.d/default.conf:13
2019/11/06 08:26:26 [emerg] 1#1: host not found in upstream "express_server:3000" in /etc/nginx/conf.d/default.conf:13
2019/11/06 08:27:32 [emerg] 1#1: host not found in upstream "express_server:3000" in /etc/nginx/conf.d/default.conf:13
2019/11/06 08:27:37 [emerg] 1#1: host not found in upstream "react_front" in /etc/nginx/conf.d/default.conf:28
2019/11/06 08:27:39 [emerg] 1#1: host not found in upstream "react_front" in /etc/nginx/conf.d/default.conf:28
2019/11/06 08:27:42 [emerg] 1#1: host not found in upstream "react_front" in /etc/nginx/conf.d/default.conf:28
2019/11/06 08:27:45 [emerg] 1#1: host not found in upstream "react_front" in /etc/nginx/conf.d/default.conf:28
2019/11/06 08:27:49 [emerg] 1#1: host not found in upstream "react_front" in /etc/nginx/conf.d/default.conf:28
2019/11/06 08:27:52 [emerg] 1#1: host not found in upstream "react_front" in /etc/nginx/conf.d/default.conf:28
2019/11/06 08:27:56 [emerg] 1#1: host not found in upstream "react_front" in /etc/nginx/conf.d/default.conf:28
2019/11/06 08:28:03 [emerg] 1#1: host not found in upstream "react_front" in /etc/nginx/conf.d/default.conf:28
2019/11/06 08:28:17 [emerg] 1#1: host not found in upstream "react_front" in /etc/nginx/conf.d/default.conf:28
2019/11/06 08:28:43 [emerg] 1#1: host not found in upstream "react_front" in /etc/nginx/conf.d/default.conf:28
2019/11/06 08:29:35 [emerg] 1#1: host not found in upstream "react_front" in /etc/nginx/conf.d/default.conf:28
2019/11/06 08:30:26 [emerg] 1#1: host not found in upstream "react_front" in /etc/nginx/conf.d/default.conf:28
2019/11/06 08:30:29 [emerg] 1#1: host not found in upstream "react_front" in /etc/nginx/conf.d/default.conf:28
2019/11/06 08:30:32 [emerg] 1#1: host not found in upstream "react_front" in /etc/nginx/conf.d/default.conf:28
2019/11/06 08:30:34 [emerg] 1#1: host not found in upstream "react_front" in /etc/nginx/conf.d/default.conf:28
2019/11/06 08:30:37 [emerg] 1#1: host not found in upstream "react_front" in /etc/nginx/conf.d/default.conf:28
2019/11/06 08:30:40 [emerg] 1#1: host not found in upstream "react_front" in /etc/nginx/conf.d/default.conf:28
2019/11/06 08:30:44 [emerg] 1#1: host not found in upstream "react_front" in /etc/nginx/conf.d/default.conf:28
2019/11/06 08:30:51 [emerg] 1#1: host not found in upstream "react_front" in /etc/nginx/conf.d/default.conf:28
2019/11/06 08:31:05 [emerg] 1#1: host not found in upstream "react_front" in /etc/nginx/conf.d/default.conf:28
2019/11/06 08:31:31 [emerg] 1#1: host not found in upstream "react_front" in /etc/nginx/conf.d/default.conf:28
2019/11/06 08:32:54 [emerg] 1#1: host not found in upstream "react_front" in /etc/nginx/conf.d/default.conf:28
2019/11/06 08:32:57 [emerg] 1#1: host not found in upstream "react_front" in /etc/nginx/conf.d/default.conf:28
2019/11/06 08:33:00 [emerg] 1#1: host not found in upstream "react_front" in /etc/nginx/conf.d/default.conf:28
2019/11/06 08:33:04 [emerg] 1#1: host not found in upstream "react_front" in /etc/nginx/conf.d/default.conf:28
2019/11/06 08:33:07 [emerg] 1#1: host not found in upstream "react_front" in /etc/nginx/conf.d/default.conf:28
2019/11/06 08:33:10 [emerg] 1#1: host not found in upstream "react_front" in /etc/nginx/conf.d/default.conf:28
2019/11/06 08:33:14 [emerg] 1#1: host not found in upstream "react_front" in /etc/nginx/conf.d/default.conf:28
2019/11/06 08:33:21 [emerg] 1#1: host not found in upstream "react_front" in /etc/nginx/conf.d/default.conf:28
2019/11/06 08:33:34 [emerg] 1#1: host not found in upstream "react_front" in /etc/nginx/conf.d/default.conf:28
2019/11/06 08:34:01 [emerg] 1#1: host not found in upstream "react_front" in /etc/nginx/conf.d/default.conf:28
2019/11/06 08:38:46 [error] 7#7: *2 connect() failed (111: Connection refused) while connecting to upstream, client: 172.19.0.1, server: , request: "GET / HTTP/1.1", upstream: "http://172.19.0.4:80/", host: "localhost:8080"
2019/11/06 08:38:46 [error] 7#7: *2 connect() failed (111: Connection refused) while connecting to upstream, client: 172.19.0.1, server: , request: "GET /favicon.ico HTTP/1.1", upstream: "http://172.19.0.4:80/favicon.ico", host: "localhost:8080", referrer: "http://localhost:8080/"
2019/11/06 08:40:17 [emerg] 1#1: host not found in upstream "react_front:3000" in /etc/nginx/conf.d/default.conf:17
2019/11/06 08:40:20 [emerg] 1#1: host not found in upstream "react_front:3000" in /etc/nginx/conf.d/default.conf:17
2019/11/06 08:48:46 [emerg] 1#1: host not found in upstream "react_front:3000" in /etc/nginx/conf.d/default.conf:17
2019/11/06 08:48:49 [emerg] 1#1: host not found in upstream "react_front:3000" in /etc/nginx/conf.d/default.conf:17
2019/11/06 08:55:33 [emerg] 1#1: host not found in upstream "react_front:3000" in /etc/nginx/conf.d/default.conf:17
2019/11/06 08:59:29 [emerg] 1#1: host not found in upstream "express_server:3000" in /etc/nginx/conf.d/default.conf:13
2019/11/06 09:17:28 [emerg] 1#1: host not found in upstream "react_front:3000" in /etc/nginx/conf.d/default.conf:17
2019/11/06 09:26:42 [emerg] 1#1: host not found in upstream "react_front:3000" in /etc/nginx/conf.d/default.conf:17
